<?xml version = "1.0" encoding = "UTF-8"?>
<!DOCTYPE suite SYSTEM "http://testng.org/testng-1.0.dtd" >
<suite name = "Default Suite" verbose = "10">
    <test thread-count="5" name = "TestAutomationAssessment">
        <classes>
            <class name = "ProfileTest" />
            </classes>
        </test>
    </suite>